<?xml version="1.0" encoding="UTF-8"?>
<testsuite xmlns:xsi="http://www.w3.org/2001/XMLSchema-instance" xsi:noNamespaceSchemaLocation="https://maven.apache.org/surefire/maven-surefire-plugin/xsd/surefire-test-report.xsd" name="ThreeCardTest" time="0.264" tests="80" errors="0" skipped="0" failures="0">
  <properties>
[...]
</properties>
  <testcase name="flushTie" classname="ThreeCardTest" time="0.004"/>
  <testcase name="dealerWinChris2" classname="ThreeCardTest" time="0"/>
  <testcase name="playerWin" classname="ThreeCardTest" time="0.001"/>
  <testcase name="testQueenHigh{int}[1]" classname="ThreeCardTest" time="0.001"/>
  <testcase name="testQueenHigh{int}[2]" classname="ThreeCardTest" time="0.001"/>
  <testcase name="testQueenHigh{int}[3]" classname="ThreeCardTest" time="0.001"/>
  <testcase name="testQueenHigh{int}[4]" classname="ThreeCardTest" time="0.001"/>
  <testcase name="testQueenHigh{int}[5]" classname="ThreeCardTest" time="0.001"/>
  <testcase name="testQueenHigh{int}[6]" classname="ThreeCardTest" time="0.001"/>
  <testcase name="testQueenHigh{int}[7]" classname="ThreeCardTest" time="0.001"/>
  <testcase name="test3KW{int}[1]" classname="ThreeCardTest" time="0"/>
  <testcase name="test3KW{int}[2]" classname="ThreeCardTest" time="0.002"/>
  <testcase name="test3KW{int}[3]" classname="ThreeCardTest" time="0"/>
  <testcase name="test3KW{int}[4]" classname="ThreeCardTest" time="0.005"/>
  <testcase name="test3KW{int}[5]" classname="ThreeCardTest" time="0.001"/>
  <testcase name="test3KW{int}[6]" classname="ThreeCardTest" time="0.004"/>
  <testcase name="test3KW{int}[7]" classname="ThreeCardTest" time="0.001"/>
  <testcase name="test3KW{int}[8]" classname="ThreeCardTest" time="0.003"/>
  <testcase name="test3KW{int}[9]" classname="ThreeCardTest" time="0.001"/>
  <testcase name="test3KW{int}[10]" classname="ThreeCardTest" time="0.002"/>
  <testcase name="test3KW{int}[11]" classname="ThreeCardTest" time="0.002"/>
  <testcase name="test3KW{int}[12]" classname="ThreeCardTest" time="0.001"/>
  <testcase name="test3KW{int}[13]" classname="ThreeCardTest" time="0.002"/>
  <testcase name="testSFW{char}[1]" classname="ThreeCardTest" time="0.001"/>
  <testcase name="testSFW{char}[2]" classname="ThreeCardTest" time="0.001"/>
  <testcase name="testSFW{char}[3]" classname="ThreeCardTest" time="0.001"/>
  <testcase name="testSFW{char}[4]" classname="ThreeCardTest" time="0.001"/>
  <testcase name="dealerWin" classname="ThreeCardTest" time="0.004"/>
  <testcase name="testHighW" classname="ThreeCardTest" time="0.001"/>
  <testcase name="testPair1" classname="ThreeCardTest" time="0"/>
  <testcase name="testPair2" classname="ThreeCardTest" time="0"/>
  <testcase name="testHigh" classname="ThreeCardTest" time="0"/>
  <testcase name="testStraight1W" classname="ThreeCardTest" time="0"/>
  <testcase name="testStraight2W" classname="ThreeCardTest" time="0"/>
  <testcase name="test3K{int}[1]" classname="ThreeCardTest" time="0.001"/>
  <testcase name="test3K{int}[2]" classname="ThreeCardTest" time="0"/>
  <testcase name="test3K{int}[3]" classname="ThreeCardTest" time="0.001"/>
  <testcase name="test3K{int}[4]" classname="ThreeCardTest" time="0"/>
  <testcase name="test3K{int}[5]" classname="ThreeCardTest" time="0"/>
  <testcase name="test3K{int}[6]" classname="ThreeCardTest" time="0"/>
  <testcase name="test3K{int}[7]" classname="ThreeCardTest" time="0.001"/>
  <testcase name="test3K{int}[8]" classname="ThreeCardTest" time="0.001"/>
  <testcase name="test3K{int}[9]" classname="ThreeCardTest" time="0.001"/>
  <testcase name="test3K{int}[10]" classname="ThreeCardTest" time="0"/>
  <testcase name="test3K{int}[11]" classname="ThreeCardTest" time="0.002"/>
  <testcase name="test3K{int}[12]" classname="ThreeCardTest" time="0.007"/>
  <testcase name="test3K{int}[13]" classname="ThreeCardTest" time="0.001"/>
  <testcase name="testFW{char}[1]" classname="ThreeCardTest" time="0.001"/>
  <testcase name="testFW{char}[2]" classname="ThreeCardTest" time="0.001"/>
  <testcase name="testFW{char}[3]" classname="ThreeCardTest" time="0.001"/>
  <testcase name="testFW{char}[4]" classname="ThreeCardTest" time="0"/>
  <testcase name="testSF{char}[1]" classname="ThreeCardTest" time="0.001"/>
  <testcase name="testSF{char}[2]" classname="ThreeCardTest" time="0.001"/>
  <testcase name="testSF{char}[3]" classname="ThreeCardTest" time="0"/>
  <testcase name="testSF{char}[4]" classname="ThreeCardTest" time="0"/>
  <testcase name="pairTie" classname="ThreeCardTest" time="0"/>
  <testcase name="straightFlushTie" classname="ThreeCardTest" time="0"/>
  <testcase name="testF{char}[1]" classname="ThreeCardTest" time="0.001"/>
  <testcase name="testF{char}[2]" classname="ThreeCardTest" time="0"/>
  <testcase name="testF{char}[3]" classname="ThreeCardTest" time="0"/>
  <testcase name="testF{char}[4]" classname="ThreeCardTest" time="0.001"/>
  <testcase name="highCardTie" classname="ThreeCardTest" time="0.001"/>
  <testcase name="testStraight1" classname="ThreeCardTest" time="0"/>
  <testcase name="testStraight2" classname="ThreeCardTest" time="0"/>
  <testcase name="dealerWinChris" classname="ThreeCardTest" time="0"/>
  <testcase name="dealerWin1" classname="ThreeCardTest" time="0"/>
  <testcase name="dealerWin2" classname="ThreeCardTest" time="0"/>
  <testcase name="dealerWin3" classname="ThreeCardTest" time="0"/>
  <testcase name="dealerWin4" classname="ThreeCardTest" time="0"/>
  <testcase name="dealerWin5" classname="ThreeCardTest" time="0.001"/>
  <testcase name="dealerWin6" classname="ThreeCardTest" time="0.001"/>
  <testcase name="straightTie" classname="ThreeCardTest" time="0"/>
  <testcase name="testPair1W" classname="ThreeCardTest" time="0"/>
  <testcase name="testPair2W" classname="ThreeCardTest" time="0.001"/>
  <testcase name="playerWin1" classname="ThreeCardTest" time="0.001"/>
  <testcase name="playerWin2" classname="ThreeCardTest" time="0"/>
  <testcase name="playerWin3" classname="ThreeCardTest" time="0"/>
  <testcase name="playerWin4" classname="ThreeCardTest" time="0"/>
  <testcase name="playerWin5" classname="ThreeCardTest" time="0.001"/>
  <testcase name="playerWin6" classname="ThreeCardTest" time="0.001"/>
</testsuite>