<?xml version="1.0" encoding="UTF-8"?>
<testsuite xmlns:xsi="http://www.w3.org/2001/XMLSchema-instance" xsi:noNamespaceSchemaLocation="https://maven.apache.org/surefire/maven-surefire-plugin/xsd/surefire-test-report.xsd" name="deckdealerTest" time="0.241" tests="18" errors="0" skipped="0" failures="0">
  <properties>
[...]
</properties>
  <testcase name="testSize" classname="deckdealerTest" time="0.089"/>
  <testcase name="newDeck34" classname="deckdealerTest" time="0"/>
  <testcase name="uniqueCardsDealer{char}[1]" classname="deckdealerTest" time="0.025"/>
  <testcase name="uniqueCardsDealer{char}[2]" classname="deckdealerTest" time="0.001"/>
  <testcase name="uniqueCardsDealer{char}[3]" classname="deckdealerTest" time="0.002"/>
  <testcase name="uniqueCardsDealer{char}[4]" classname="deckdealerTest" time="0"/>
  <testcase name="oldnewDeckTest" classname="deckdealerTest" time="0.002"/>
  <testcase name="testHandDealer" classname="deckdealerTest" time="0.001"/>
  <testcase name="testDealersHand" classname="deckdealerTest" time="0.002"/>
  <testcase name="testDealerDeck" classname="deckdealerTest" time="0"/>
  <testcase name="uniqueCardsDeck{char}[1]" classname="deckdealerTest" time="0"/>
  <testcase name="uniqueCardsDeck{char}[2]" classname="deckdealerTest" time="0.001"/>
  <testcase name="uniqueCardsDeck{char}[3]" classname="deckdealerTest" time="0.001"/>
  <testcase name="uniqueCardsDeck{char}[4]" classname="deckdealerTest" time="0"/>
  <testcase name="removeDeck" classname="deckdealerTest" time="0"/>
  <testcase name="testDeckHand" classname="deckdealerTest" time="0"/>
  <testcase name="createDeckTest" classname="deckdealerTest" time="0.001"/>
  <testcase name="newDeckTest" classname="deckdealerTest" time="0"/>
</testsuite>